<?xml version="1.0" encoding="utf-8"?><testsuites name="pytest tests"><testsuite name="pytest" errors="0" failures="0" skipped="0" tests="21" time="9.327" timestamp="2026-02-17T13:24:48.143483+00:00" hostname="agent-env-14919876-b260-4882-bd28-87764b727b03"><testcase classname="backend.tests.test_new_features.TestAlertsFiltering" name="test_admin_gets_wolffs_alerts" time="0.575" /><testcase classname="backend.tests.test_new_features.TestStrategyTypeBadge" name="test_webhook_with_futures_strategy" time="0.359" /><testcase classname="backend.tests.test_new_features.TestStrategyTypeBadge" name="test_webhook_with_options_strategy" time="0.356" /><testcase classname="backend.tests.test_new_features.TestOptionsSettings" name="test_get_options_settings" time="0.296" /><testcase classname="backend.tests.test_new_features.TestOptionsSettings" name="test_save_options_settings" time="4.356" /><testcase classname="backend.tests.test_new_features.TestSubscriberType" name="test_subscriber_type_in_settings" time="0.268" /><testcase classname="backend.tests.test_new_features.TestSubscriberType" name="test_subscriber_type_in_user_info" time="0.243" /><testcase classname="backend.tests.test_wolffs_autotrade.TestHealthCheck" name="test_health_endpoint" time="0.148" /><testcase classname="backend.tests.test_wolffs_autotrade.TestAuthentication" name="test_login_with_admin_credentials" time="0.123" /><testcase classname="backend.tests.test_wolffs_autotrade.TestAuthentication" name="test_login_invalid_credentials" time="0.107" /><testcase classname="backend.tests.test_wolffs_autotrade.TestUserInfo" name="test_get_user_info" time="0.318" /><testcase classname="backend.tests.test_wolffs_autotrade.TestUserInfo" name="test_get_user_info_without_token" time="0.137" /><testcase classname="backend.tests.test_wolffs_autotrade.TestAlerts" name="test_get_alerts" time="0.323" /><testcase classname="backend.tests.test_wolffs_autotrade.TestWebhookValidation" name="test_plain_text_webhook_rejected" time="0.159" /><testcase classname="backend.tests.test_wolffs_autotrade.TestWebhookValidation" name="test_json_without_symbol_rejected" time="0.106" /><testcase classname="backend.tests.test_wolffs_autotrade.TestWebhookValidation" name="test_json_without_action_rejected" time="0.125" /><testcase classname="backend.tests.test_wolffs_autotrade.TestWebhookValidation" name="test_valid_webhook_accepted" time="0.132" /><testcase classname="backend.tests.test_wolffs_autotrade.TestWebhookDeduplication" name="test_simultaneous_webhooks_deduplicated" time="0.247" /><testcase classname="backend.tests.test_wolffs_autotrade.TestCrossInstrumentIsolation" name="test_btc_and_eth_webhooks_independent" time="0.262" /><testcase classname="backend.tests.test_wolffs_autotrade.TestCrossInstrumentIsolation" name="test_same_instrument_different_actions_independent" time="0.350" /><testcase classname="backend.tests.test_wolffs_autotrade.TestSettings" name="test_get_settings" time="0.275" /></testsuite></testsuites>