<?xml version="1.0" encoding="utf-8"?><testsuites name="pytest tests"><testsuite name="pytest" errors="0" failures="0" skipped="0" tests="14" time="3.309" timestamp="2026-02-14T16:11:30.400141+00:00" hostname="agent-env-0b7ee46a-3980-40b3-941a-622552f1e350"><testcase classname="backend.tests.test_wolffs_autotrade.TestHealthCheck" name="test_health_endpoint" time="0.190" /><testcase classname="backend.tests.test_wolffs_autotrade.TestAuthentication" name="test_login_with_admin_credentials" time="0.177" /><testcase classname="backend.tests.test_wolffs_autotrade.TestAuthentication" name="test_login_invalid_credentials" time="0.135" /><testcase classname="backend.tests.test_wolffs_autotrade.TestUserInfo" name="test_get_user_info" time="0.283" /><testcase classname="backend.tests.test_wolffs_autotrade.TestUserInfo" name="test_get_user_info_without_token" time="0.131" /><testcase classname="backend.tests.test_wolffs_autotrade.TestAlerts" name="test_get_alerts" time="0.230" /><testcase classname="backend.tests.test_wolffs_autotrade.TestWebhookValidation" name="test_plain_text_webhook_rejected" time="0.115" /><testcase classname="backend.tests.test_wolffs_autotrade.TestWebhookValidation" name="test_json_without_symbol_rejected" time="0.109" /><testcase classname="backend.tests.test_wolffs_autotrade.TestWebhookValidation" name="test_json_without_action_rejected" time="0.112" /><testcase classname="backend.tests.test_wolffs_autotrade.TestWebhookValidation" name="test_valid_webhook_accepted" time="0.180" /><testcase classname="backend.tests.test_wolffs_autotrade.TestWebhookDeduplication" name="test_simultaneous_webhooks_deduplicated" time="0.321" /><testcase classname="backend.tests.test_wolffs_autotrade.TestCrossInstrumentIsolation" name="test_btc_and_eth_webhooks_independent" time="0.229" /><testcase classname="backend.tests.test_wolffs_autotrade.TestCrossInstrumentIsolation" name="test_same_instrument_different_actions_independent" time="0.672" /><testcase classname="backend.tests.test_wolffs_autotrade.TestSettings" name="test_get_settings" time="0.318" /></testsuite></testsuites>